#
# There is insufficient memory for the Java Runtime Environment to continue.
# Native memory allocation (malloc) failed to allocate 32744 bytes for Chunk::new
# Possible reasons:
#   The system is out of physical RAM or swap space
#   The process is running with CompressedOops enabled, and the Java Heap may be blocking the growth of the native heap
# Possible solutions:
#   Reduce memory load on the system
#   Increase physical memory or swap space
#   Check if swap backing store is full
#   Decrease Java heap size (-Xmx/-Xms)
#   Decrease number of Java threads
#   Decrease Java thread stack sizes (-Xss)
#   Set larger code cache with -XX:ReservedCodeCacheSize=
#   JVM is running with Zero Based Compressed Oops mode in which the Java heap is
#     placed in the first 32GB address space. The Java Heap base address is the
#     maximum limit for the native heap growth. Please use -XX:HeapBaseMinAddress
#     to set the Java Heap base and to place the Java Heap above 32GB virtual address.
# This output file may be truncated or incomplete.
#
#  Out of Memory Error (arena.cpp:184), pid=13916, tid=4840
#
# JRE version: OpenJDK Runtime Environment (20.0.1+9) (build 20.0.1+9-29)
# Java VM: OpenJDK 64-Bit Server VM (20.0.1+9-29, mixed mode, emulated-client, sharing, tiered, compressed oops, compressed class ptrs, g1 gc, windows-amd64)
# No core dump will be written. Minidumps are not enabled by default on client versions of Windows
#

---------------  S U M M A R Y ------------

Command Line: -XX:TieredStopAtLevel=1 -Dspring.output.ansi.enabled=always -Dcom.sun.management.jmxremote -Dspring.jmx.enabled=true -Dspring.liveBeansView.mbeanDomain -Dspring.application.admin.enabled=true -Dmanagement.endpoints.jmx.exposure.include=* -javaagent:F:\Programms\IntelliJ IDEA 2023.1.1\lib\idea_rt.jar=63378:F:\Programms\IntelliJ IDEA 2023.1.1\bin -Dfile.encoding=UTF-8 -Dsun.stdout.encoding=UTF-8 -Dsun.stderr.encoding=UTF-8 com.example.SecondService.SecondServiceApplication

Host: Intel(R) Core(TM) i5-10400F CPU @ 2.90GHz, 12 cores, 15G,  Windows 10 , 64 bit Build 19041 (10.0.19041.2788)
Time: Wed May 10 19:01:48 2023  Windows 10 , 64 bit Build 19041 (10.0.19041.2788) elapsed time: 0.498358 seconds (0d 0h 0m 0s)

---------------  T H R E A D  ---------------

Current thread (0x00000150a03ecfe0):  JavaThread "main" [_thread_in_vm, id=4840, stack(0x0000000aa0e00000,0x0000000aa0f00000)]

Stack: [0x0000000aa0e00000,0x0000000aa0f00000]
Native frames: (J=compiled Java code, j=interpreted, Vv=VM code, C=native code)
V  [jvm.dll+0x6bb95a]
V  [jvm.dll+0x8485fa]
V  [jvm.dll+0x84a1f5]
V  [jvm.dll+0x84a8f3]
V  [jvm.dll+0x280b0f]
V  [jvm.dll+0xc2b11]
V  [jvm.dll+0xc2e35]
V  [jvm.dll+0x3e3b80]
V  [jvm.dll+0x3e6f28]
V  [jvm.dll+0x74ed3d]
V  [jvm.dll+0x74f00f]
V  [jvm.dll+0x27251d]
V  [jvm.dll+0x271982]
V  [jvm.dll+0x26e395]
V  [jvm.dll+0x146aed]
V  [jvm.dll+0x146e5b]
V  [jvm.dll+0x7c1fd2]
V  [jvm.dll+0x5c0f1b]
V  [jvm.dll+0x5c0d66]
V  [jvm.dll+0x3db8d0]
C  0x00000150a84cd9d6

Java frames: (J=compiled Java code, j=interpreted, Vv=VM code)
j  org.springframework.core.annotation.PackagesAnnotationFilter.<init>([Ljava/lang/String;)V+43
j  org.springframework.core.annotation.AnnotationFilter.packages([Ljava/lang/String;)Lorg/springframework/core/annotation/AnnotationFilter;+5
j  org.springframework.core.annotation.AnnotationFilter.<clinit>()V+14
v  ~StubRoutines::call_stub 0x00000150a84a100d
j  org.springframework.core.annotation.MergedAnnotations.from(Ljava/lang/reflect/AnnotatedElement;Lorg/springframework/core/annotation/MergedAnnotations$SearchStrategy;Lorg/springframework/core/annotation/RepeatableContainers;)Lorg/springframework/core/annotation/MergedAnnotations;+3
j  org.springframework.core.annotation.MergedAnnotations.from(Ljava/lang/reflect/AnnotatedElement;Lorg/springframework/core/annotation/MergedAnnotations$SearchStrategy;)Lorg/springframework/core/annotation/MergedAnnotations;+5
j  org.springframework.core.annotation.AnnotationAwareOrderComparator.findOrderFromAnnotation(Ljava/lang/Object;)Ljava/lang/Integer;+25
j  org.springframework.core.annotation.AnnotationAwareOrderComparator.findOrder(Ljava/lang/Object;)Ljava/lang/Integer;+14
j  org.springframework.core.OrderComparator.getOrder(Ljava/lang/Object;)I+6
j  org.springframework.core.OrderComparator.getOrder(Ljava/lang/Object;Lorg/springframework/core/OrderComparator$OrderSourceProvider;)I+107
j  org.springframework.core.OrderComparator.doCompare(Ljava/lang/Object;Ljava/lang/Object;Lorg/springframework/core/OrderComparator$OrderSourceProvider;)I+39
j  org.springframework.core.OrderComparator.compare(Ljava/lang/Object;Ljava/lang/Object;)I+4
j  java.util.TimSort.countRunAndMakeAscending([Ljava/lang/Object;IILjava/util/Comparator;)I+43 java.base@20.0.1
j  java.util.TimSort.sort([Ljava/lang/Object;IILjava/util/Comparator;[Ljava/lang/Object;II)V+60 java.base@20.0.1
j  java.util.Arrays.sort([Ljava/lang/Object;IILjava/util/Comparator;)V+43 java.base@20.0.1
j  java.util.ArrayList.sort(Ljava/util/Comparator;)V+15 java.base@20.0.1
j  org.springframework.core.annotation.AnnotationAwareOrderComparator.sort(Ljava/util/List;)V+14
j  org.springframework.core.io.support.SpringFactoriesLoader.load(Ljava/lang/Class;Lorg/springframework/core/io/support/SpringFactoriesLoader$ArgumentResolver;Lorg/springframework/core/io/support/SpringFactoriesLoader$FailureHandler;)Ljava/util/List;+124
j  org.springframework.core.io.support.SpringFactoriesLoader.load(Ljava/lang/Class;Lorg/springframework/core/io/support/SpringFactoriesLoader$ArgumentResolver;)Ljava/util/List;+4
j  org.springframework.boot.SpringApplication.getSpringFactoriesInstances(Ljava/lang/Class;Lorg/springframework/core/io/support/SpringFactoriesLoader$ArgumentResolver;)Ljava/util/List;+9
j  org.springframework.boot.SpringApplication.getSpringFactoriesInstances(Ljava/lang/Class;)Ljava/util/List;+3
j  org.springframework.boot.SpringApplication.<init>(Lorg/springframework/core/io/ResourceLoader;[Ljava/lang/Class;)V+119
j  org.springframework.boot.SpringApplication.<init>([Ljava/lang/Class;)V+3
j  org.springframework.boot.SpringApplication.run([Ljava/lang/Class;[Ljava/lang/String;)Lorg/springframework/context/ConfigurableApplicationContext;+5
j  org.springframework.boot.SpringApplication.run(Ljava/lang/Class;[Ljava/lang/String;)Lorg/springframework/context/ConfigurableApplicationContext;+9
j  com.example.SecondService.SecondServiceApplication.main([Ljava/lang/String;)V+3
v  ~StubRoutines::call_stub 0x00000150a84a100d

---------------  P R O C E S S  ---------------

Threads class SMR info:
_java_thread_list=0x00000150b8834830, length=15, elements={
0x00000150a03ecfe0, 0x00000150b3531450, 0x00000150b3532250, 0x00000150b3536190,
0x00000150b3538ae0, 0x00000150b3539420, 0x00000150b353d670, 0x00000150b353dfb0,
0x00000150b80f69f0, 0x00000150b80ffc40, 0x00000150b8101810, 0x00000150b83fe6a0,
0x00000150b861ec10, 0x00000150b86fb2a0, 0x00000150b8833f60
}

Java Threads: ( => current thread )
=>0x00000150a03ecfe0 JavaThread "main" [_thread_in_vm, id=4840, stack(0x0000000aa0e00000,0x0000000aa0f00000)]
  0x00000150b3531450 JavaThread "Reference Handler" daemon [_thread_blocked, id=8256, stack(0x0000000aa1500000,0x0000000aa1600000)]
  0x00000150b3532250 JavaThread "Finalizer" daemon [_thread_blocked, id=5848, stack(0x0000000aa1600000,0x0000000aa1700000)]
  0x00000150b3536190 JavaThread "Signal Dispatcher" daemon [_thread_blocked, id=17240, stack(0x0000000aa1700000,0x0000000aa1800000)]
  0x00000150b3538ae0 JavaThread "Attach Listener" daemon [_thread_blocked, id=15304, stack(0x0000000aa1800000,0x0000000aa1900000)]
  0x00000150b3539420 JavaThread "Service Thread" daemon [_thread_blocked, id=17356, stack(0x0000000aa1900000,0x0000000aa1a00000)]
  0x00000150b353d670 JavaThread "Monitor Deflation Thread" daemon [_thread_blocked, id=13408, stack(0x0000000aa1a00000,0x0000000aa1b00000)]
  0x00000150b353dfb0 JavaThread "C1 CompilerThread0" daemon [_thread_blocked, id=14992, stack(0x0000000aa1b00000,0x0000000aa1c00000)]
  0x00000150b80f69f0 JavaThread "Common-Cleaner" daemon [_thread_blocked, id=10328, stack(0x0000000aa1c00000,0x0000000aa1d00000)]
  0x00000150b80ffc40 JavaThread "C1 CompilerThread1" daemon [_thread_blocked, id=16432, stack(0x0000000aa1d00000,0x0000000aa1e00000)]
  0x00000150b8101810 JavaThread "C1 CompilerThread2" daemon [_thread_blocked, id=8172, stack(0x0000000aa1e00000,0x0000000aa1f00000)]
  0x00000150b83fe6a0 JavaThread "Monitor Ctrl-Break" daemon [_thread_in_native, id=15844, stack(0x0000000aa1f00000,0x0000000aa2000000)]
  0x00000150b861ec10 JavaThread "Notification Thread" daemon [_thread_blocked, id=8736, stack(0x0000000aa2000000,0x0000000aa2100000)]
  0x00000150b86fb2a0 JavaThread "C1 CompilerThread3" daemon [_thread_blocked, id=6832, stack(0x0000000aa2100000,0x0000000aa2200000)]
  0x00000150b8833f60 JavaThread "RMI TCP Accept-0" daemon [_thread_in_native, id=14932, stack(0x0000000aa2200000,0x0000000aa2300000)]

Other Threads:
  0x00000150b35101b0 VMThread "VM Thread" [stack: 0x0000000aa1400000,0x0000000aa1500000] [id=12320]
  0x00000150a03eded0 WatcherThread "VM Periodic Task Thread" [stack: 0x0000000aa2300000,0x0000000aa2400000] [id=3760]
  0x00000150a045c5f0 WorkerThread "GC Thread#0" [stack: 0x0000000aa0f00000,0x0000000aa1000000] [id=4824]
  0x00000150b88ed460 WorkerThread "GC Thread#1" [stack: 0x0000000aa2400000,0x0000000aa2500000] [id=17292]
  0x00000150b88ed730 WorkerThread "GC Thread#2" [stack: 0x0000000aa2500000,0x0000000aa2600000] [id=13796]
  0x00000150b88eda00 WorkerThread "GC Thread#3" [stack: 0x0000000aa2600000,0x0000000aa2700000] [id=16872]
  0x00000150b88edcd0 WorkerThread "GC Thread#4" [stack: 0x0000000aa2700000,0x0000000aa2800000] [id=16196]
  0x00000150b8918680 WorkerThread "GC Thread#5" [stack: 0x0000000aa2800000,0x0000000aa2900000] [id=15480]
  0x00000150b89183b0 WorkerThread "GC Thread#6" [stack: 0x0000000aa2900000,0x0000000aa2a00000] [id=15984]
  0x00000150a046d530 ConcurrentGCThread "G1 Main Marker" [stack: 0x0000000aa1000000,0x0000000aa1100000] [id=16572]
  0x00000150a046e700 WorkerThread "G1 Conc#0" [stack: 0x0000000aa1100000,0x0000000aa1200000] [id=2036]
  0x00000150a04aea10 ConcurrentGCThread "G1 Refine#0" [stack: 0x0000000aa1200000,0x0000000aa1300000] [id=5576]
  0x00000150b33bde40 ConcurrentGCThread "G1 Service" [stack: 0x0000000aa1300000,0x0000000aa1400000] [id=12296]

Threads with active compile tasks:

VM state: not at safepoint (normal execution)

VM Mutex/Monitor currently owned by a thread: None

Heap address: 0x0000000701600000, size: 4074 MB, Compressed Oops mode: Zero based, Oop shift amount: 3

CDS archive(s) mapped at: [0x0000000800000000-0x0000000800c60000-0x0000000800c60000), size 12976128, SharedBaseAddress: 0x0000000800000000, ArchiveRelocationMode: 0.
Compressed class space mapped at: 0x0000000801000000-0x0000000841000000, reserved size: 1073741824
Narrow klass base: 0x0000000800000000, Narrow klass shift: 0, Narrow klass range: 0x100000000

GC Precious Log:
 CardTable entry size: 512
 Card Set container configuration: InlinePtr #cards 4 size 8 Array Of Cards #cards 16 size 48 Howl #buckets 8 coarsen threshold 3686 Howl Bitmap #cards 512 size 80 coarsen threshold 460 Card regions per heap region 1 cards per card region 4096
 CPUs: 12 total, 12 available
 Memory: 16293M
 Large Page Support: Disabled
 NUMA Support: Disabled
 Compressed Oops: Enabled (Zero based)
 Heap Region Size: 2M
 Heap Min Capacity: 8M
 Heap Initial Capacity: 256M
 Heap Max Capacity: 4074M
 Pre-touch: Disabled
 Parallel Workers: 10
 Concurrent Workers: 3
 Concurrent Refinement Workers: 10
 Periodic GC: Disabled

Heap:
 garbage-first heap   total 262144K, used 6650K [0x0000000701600000, 0x0000000800000000)
  region size 2048K, 3 young (6144K), 2 survivors (4096K)
 Metaspace       used 6556K, committed 6784K, reserved 1114112K
  class space    used 792K, committed 896K, reserved 1048576K

Heap Regions: E=young(eden), S=young(survivor), O=old, HS=humongous(starts), HC=humongous(continues), CS=collection set, F=free, OA=open archive, CA=closed archive, TAMS=top-at-mark-start, PB=parsable bottom
|   0|0x0000000701600000, 0x0000000701800000, 0x0000000701800000|100%| O|  |TAMS 0x0000000701600000| PB 0x0000000701600000| Untracked 
|   1|0x0000000701800000, 0x000000070187ea00, 0x0000000701a00000| 24%| O|  |TAMS 0x0000000701800000| PB 0x0000000701800000| Untracked 
|   2|0x0000000701a00000, 0x0000000701a00000, 0x0000000701c00000|  0%| F|  |TAMS 0x0000000701a00000| PB 0x0000000701a00000| Untracked 
|   3|0x0000000701c00000, 0x0000000701c00000, 0x0000000701e00000|  0%| F|  |TAMS 0x0000000701c00000| PB 0x0000000701c00000| Untracked 
|   4|0x0000000701e00000, 0x0000000701e00000, 0x0000000702000000|  0%| F|  |TAMS 0x0000000701e00000| PB 0x0000000701e00000| Untracked 
|   5|0x0000000702000000, 0x0000000702000000, 0x0000000702200000|  0%| F|  |TAMS 0x0000000702000000| PB 0x0000000702000000| Untracked 
|   6|0x0000000702200000, 0x0000000702200000, 0x0000000702400000|  0%| F|  |TAMS 0x0000000702200000| PB 0x0000000702200000| Untracked 
|   7|0x0000000702400000, 0x0000000702400000, 0x0000000702600000|  0%| F|  |TAMS 0x0000000702400000| PB 0x0000000702400000| Untracked 
|   8|0x0000000702600000, 0x0000000702600000, 0x0000000702800000|  0%| F|  |TAMS 0x0000000702600000| PB 0x0000000702600000| Untracked 
|   9|0x0000000702800000, 0x0000000702800000, 0x0000000702a00000|  0%| F|  |TAMS 0x0000000702800000| PB 0x0000000702800000| Untracked 
|  10|0x0000000702a00000, 0x0000000702a00000, 0x0000000702c00000|  0%| F|  |TAMS 0x0000000702a00000| PB 0x0000000702a00000| Untracked 
|  11|0x0000000702c00000, 0x0000000702c00000, 0x0000000702e00000|  0%| F|  |TAMS 0x0000000702c00000| PB 0x0000000702c00000| Untracked 
|  12|0x0000000702e00000, 0x0000000702e00000, 0x0000000703000000|  0%| F|  |TAMS 0x0000000702e00000| PB 0x0000000702e00000| Untracked 
|  13|0x0000000703000000, 0x0000000703000000, 0x0000000703200000|  0%| F|  |TAMS 0x0000000703000000| PB 0x0000000703000000| Untracked 
|  14|0x0000000703200000, 0x0000000703200000, 0x0000000703400000|  0%| F|  |TAMS 0x0000000703200000| PB 0x0000000703200000| Untracked 
|  15|0x0000000703400000, 0x0000000703400000, 0x0000000703600000|  0%| F|  |TAMS 0x0000000703400000| PB 0x0000000703400000| Untracked 
|  16|0x0000000703600000, 0x0000000703600000, 0x0000000703800000|  0%| F|  |TAMS 0x0000000703600000| PB 0x0000000703600000| Untracked 
|  17|0x0000000703800000, 0x0000000703800000, 0x0000000703a00000|  0%| F|  |TAMS 0x0000000703800000| PB 0x0000000703800000| Untracked 
|  18|0x0000000703a00000, 0x0000000703a00000, 0x0000000703c00000|  0%| F|  |TAMS 0x0000000703a00000| PB 0x0000000703a00000| Untracked 
|  19|0x0000000703c00000, 0x0000000703c00000, 0x0000000703e00000|  0%| F|  |TAMS 0x0000000703c00000| PB 0x0000000703c00000| Untracked 
|  20|0x0000000703e00000, 0x0000000703e00000, 0x0000000704000000|  0%| F|  |TAMS 0x0000000703e00000| PB 0x0000000703e00000| Untracked 
|  21|0x0000000704000000, 0x0000000704000000, 0x0000000704200000|  0%| F|  |TAMS 0x0000000704000000| PB 0x0000000704000000| Untracked 
|  22|0x0000000704200000, 0x0000000704200000, 0x0000000704400000|  0%| F|  |TAMS 0x0000000704200000| PB 0x0000000704200000| Untracked 
|  23|0x0000000704400000, 0x0000000704400000, 0x0000000704600000|  0%| F|  |TAMS 0x0000000704400000| PB 0x0000000704400000| Untracked 
|  24|0x0000000704600000, 0x0000000704600000, 0x0000000704800000|  0%| F|  |TAMS 0x0000000704600000| PB 0x0000000704600000| Untracked 
|  25|0x0000000704800000, 0x0000000704800000, 0x0000000704a00000|  0%| F|  |TAMS 0x0000000704800000| PB 0x0000000704800000| Untracked 
|  26|0x0000000704a00000, 0x0000000704a00000, 0x0000000704c00000|  0%| F|  |TAMS 0x0000000704a00000| PB 0x0000000704a00000| Untracked 
|  27|0x0000000704c00000, 0x0000000704c00000, 0x0000000704e00000|  0%| F|  |TAMS 0x0000000704c00000| PB 0x0000000704c00000| Untracked 
|  28|0x0000000704e00000, 0x0000000704e00000, 0x0000000705000000|  0%| F|  |TAMS 0x0000000704e00000| PB 0x0000000704e00000| Untracked 
|  29|0x0000000705000000, 0x0000000705000000, 0x0000000705200000|  0%| F|  |TAMS 0x0000000705000000| PB 0x0000000705000000| Untracked 
|  30|0x0000000705200000, 0x0000000705200000, 0x0000000705400000|  0%| F|  |TAMS 0x0000000705200000| PB 0x0000000705200000| Untracked 
|  31|0x0000000705400000, 0x0000000705400000, 0x0000000705600000|  0%| F|  |TAMS 0x0000000705400000| PB 0x0000000705400000| Untracked 
|  32|0x0000000705600000, 0x0000000705600000, 0x0000000705800000|  0%| F|  |TAMS 0x0000000705600000| PB 0x0000000705600000| Untracked 
|  33|0x0000000705800000, 0x0000000705800000, 0x0000000705a00000|  0%| F|  |TAMS 0x0000000705800000| PB 0x0000000705800000| Untracked 
|  34|0x0000000705a00000, 0x0000000705a00000, 0x0000000705c00000|  0%| F|  |TAMS 0x0000000705a00000| PB 0x0000000705a00000| Untracked 
|  35|0x0000000705c00000, 0x0000000705c00000, 0x0000000705e00000|  0%| F|  |TAMS 0x0000000705c00000| PB 0x0000000705c00000| Untracked 
|  36|0x0000000705e00000, 0x0000000705e00000, 0x0000000706000000|  0%| F|  |TAMS 0x0000000705e00000| PB 0x0000000705e00000| Untracked 
|  37|0x0000000706000000, 0x0000000706000000, 0x0000000706200000|  0%| F|  |TAMS 0x0000000706000000| PB 0x0000000706000000| Untracked 
|  38|0x0000000706200000, 0x0000000706200000, 0x0000000706400000|  0%| F|  |TAMS 0x0000000706200000| PB 0x0000000706200000| Untracked 
|  39|0x0000000706400000, 0x0000000706400000, 0x0000000706600000|  0%| F|  |TAMS 0x0000000706400000| PB 0x0000000706400000| Untracked 
|  40|0x0000000706600000, 0x0000000706600000, 0x0000000706800000|  0%| F|  |TAMS 0x0000000706600000| PB 0x0000000706600000| Untracked 
|  41|0x0000000706800000, 0x0000000706800000, 0x0000000706a00000|  0%| F|  |TAMS 0x0000000706800000| PB 0x0000000706800000| Untracked 
|  42|0x0000000706a00000, 0x0000000706a00000, 0x0000000706c00000|  0%| F|  |TAMS 0x0000000706a00000| PB 0x0000000706a00000| Untracked 
|  43|0x0000000706c00000, 0x0000000706c00000, 0x0000000706e00000|  0%| F|  |TAMS 0x0000000706c00000| PB 0x0000000706c00000| Untracked 
|  44|0x0000000706e00000, 0x0000000706e00000, 0x0000000707000000|  0%| F|  |TAMS 0x0000000706e00000| PB 0x0000000706e00000| Untracked 
|  45|0x0000000707000000, 0x0000000707000000, 0x0000000707200000|  0%| F|  |TAMS 0x0000000707000000| PB 0x0000000707000000| Untracked 
|  46|0x0000000707200000, 0x0000000707200000, 0x0000000707400000|  0%| F|  |TAMS 0x0000000707200000| PB 0x0000000707200000| Untracked 
|  47|0x0000000707400000, 0x0000000707400000, 0x0000000707600000|  0%| F|  |TAMS 0x0000000707400000| PB 0x0000000707400000| Untracked 
|  48|0x0000000707600000, 0x0000000707600000, 0x0000000707800000|  0%| F|  |TAMS 0x0000000707600000| PB 0x0000000707600000| Untracked 
|  49|0x0000000707800000, 0x0000000707800000, 0x0000000707a00000|  0%| F|  |TAMS 0x0000000707800000| PB 0x0000000707800000| Untracked 
|  50|0x0000000707a00000, 0x0000000707a00000, 0x0000000707c00000|  0%| F|  |TAMS 0x0000000707a00000| PB 0x0000000707a00000| Untracked 
|  51|0x0000000707c00000, 0x0000000707c00000, 0x0000000707e00000|  0%| F|  |TAMS 0x0000000707c00000| PB 0x0000000707c00000| Untracked 
|  52|0x0000000707e00000, 0x0000000707e00000, 0x0000000708000000|  0%| F|  |TAMS 0x0000000707e00000| PB 0x0000000707e00000| Untracked 
|  53|0x0000000708000000, 0x0000000708000000, 0x0000000708200000|  0%| F|  |TAMS 0x0000000708000000| PB 0x0000000708000000| Untracked 
|  54|0x0000000708200000, 0x0000000708200000, 0x0000000708400000|  0%| F|  |TAMS 0x0000000708200000| PB 0x0000000708200000| Untracked 
|  55|0x0000000708400000, 0x0000000708400000, 0x0000000708600000|  0%| F|  |TAMS 0x0000000708400000| PB 0x0000000708400000| Untracked 
|  56|0x0000000708600000, 0x0000000708600000, 0x0000000708800000|  0%| F|  |TAMS 0x0000000708600000| PB 0x0000000708600000| Untracked 
|  57|0x0000000708800000, 0x0000000708800000, 0x0000000708a00000|  0%| F|  |TAMS 0x0000000708800000| PB 0x0000000708800000| Untracked 
|  58|0x0000000708a00000, 0x0000000708a00000, 0x0000000708c00000|  0%| F|  |TAMS 0x0000000708a00000| PB 0x0000000708a00000| Untracked 
|  59|0x0000000708c00000, 0x0000000708c00000, 0x0000000708e00000|  0%| F|  |TAMS 0x0000000708c00000| PB 0x0000000708c00000| Untracked 
|  60|0x0000000708e00000, 0x0000000708e00000, 0x0000000709000000|  0%| F|  |TAMS 0x0000000708e00000| PB 0x0000000708e00000| Untracked 
|  61|0x0000000709000000, 0x0000000709000000, 0x0000000709200000|  0%| F|  |TAMS 0x0000000709000000| PB 0x0000000709000000| Untracked 
|  62|0x0000000709200000, 0x0000000709200000, 0x0000000709400000|  0%| F|  |TAMS 0x0000000709200000| PB 0x0000000709200000| Untracked 
|  63|0x0000000709400000, 0x0000000709400000, 0x0000000709600000|  0%| F|  |TAMS 0x0000000709400000| PB 0x0000000709400000| Untracked 
|  64|0x0000000709600000, 0x0000000709600000, 0x0000000709800000|  0%| F|  |TAMS 0x0000000709600000| PB 0x0000000709600000| Untracked 
|  65|0x0000000709800000, 0x0000000709800000, 0x0000000709a00000|  0%| F|  |TAMS 0x0000000709800000| PB 0x0000000709800000| Untracked 
|  66|0x0000000709a00000, 0x0000000709a00000, 0x0000000709c00000|  0%| F|  |TAMS 0x0000000709a00000| PB 0x0000000709a00000| Untracked 
|  67|0x0000000709c00000, 0x0000000709c00000, 0x0000000709e00000|  0%| F|  |TAMS 0x0000000709c00000| PB 0x0000000709c00000| Untracked 
|  68|0x0000000709e00000, 0x0000000709e00000, 0x000000070a000000|  0%| F|  |TAMS 0x0000000709e00000| PB 0x0000000709e00000| Untracked 
|  69|0x000000070a000000, 0x000000070a000000, 0x000000070a200000|  0%| F|  |TAMS 0x000000070a000000| PB 0x000000070a000000| Untracked 
|  70|0x000000070a200000, 0x000000070a200000, 0x000000070a400000|  0%| F|  |TAMS 0x000000070a200000| PB 0x000000070a200000| Untracked 
|  71|0x000000070a400000, 0x000000070a400000, 0x000000070a600000|  0%| F|  |TAMS 0x000000070a400000| PB 0x000000070a400000| Untracked 
|  72|0x000000070a600000, 0x000000070a600000, 0x000000070a800000|  0%| F|  |TAMS 0x000000070a600000| PB 0x000000070a600000| Untracked 
|  73|0x000000070a800000, 0x000000070a800000, 0x000000070aa00000|  0%| F|  |TAMS 0x000000070a800000| PB 0x000000070a800000| Untracked 
|  74|0x000000070aa00000, 0x000000070aa00000, 0x000000070ac00000|  0%| F|  |TAMS 0x000000070aa00000| PB 0x000000070aa00000| Untracked 
|  75|0x000000070ac00000, 0x000000070ac00000, 0x000000070ae00000|  0%| F|  |TAMS 0x000000070ac00000| PB 0x000000070ac00000| Untracked 
|  76|0x000000070ae00000, 0x000000070ae00000, 0x000000070b000000|  0%| F|  |TAMS 0x000000070ae00000| PB 0x000000070ae00000| Untracked 
|  77|0x000000070b000000, 0x000000070b000000, 0x000000070b200000|  0%| F|  |TAMS 0x000000070b000000| PB 0x000000070b000000| Untracked 
|  78|0x000000070b200000, 0x000000070b200000, 0x000000070b400000|  0%| F|  |TAMS 0x000000070b200000| PB 0x000000070b200000| Untracked 
|  79|0x000000070b400000, 0x000000070b400000, 0x000000070b600000|  0%| F|  |TAMS 0x000000070b400000| PB 0x000000070b400000| Untracked 
|  80|0x000000070b600000, 0x000000070b600000, 0x000000070b800000|  0%| F|  |TAMS 0x000000070b600000| PB 0x000000070b600000| Untracked 
|  81|0x000000070b800000, 0x000000070b800000, 0x000000070ba00000|  0%| F|  |TAMS 0x000000070b800000| PB 0x000000070b800000| Untracked 
|  82|0x000000070ba00000, 0x000000070ba00000, 0x000000070bc00000|  0%| F|  |TAMS 0x000000070ba00000| PB 0x000000070ba00000| Untracked 
|  83|0x000000070bc00000, 0x000000070bc00000, 0x000000070be00000|  0%| F|  |TAMS 0x000000070bc00000| PB 0x000000070bc00000| Untracked 
|  84|0x000000070be00000, 0x000000070be00000, 0x000000070c000000|  0%| F|  |TAMS 0x000000070be00000| PB 0x000000070be00000| Untracked 
|  85|0x000000070c000000, 0x000000070c000000, 0x000000070c200000|  0%| F|  |TAMS 0x000000070c000000| PB 0x000000070c000000| Untracked 
|  86|0x000000070c200000, 0x000000070c200000, 0x000000070c400000|  0%| F|  |TAMS 0x000000070c200000| PB 0x000000070c200000| Untracked 
|  87|0x000000070c400000, 0x000000070c400000, 0x000000070c600000|  0%| F|  |TAMS 0x000000070c400000| PB 0x000000070c400000| Untracked 
|  88|0x000000070c600000, 0x000000070c600000, 0x000000070c800000|  0%| F|  |TAMS 0x000000070c600000| PB 0x000000070c600000| Untracked 
|  89|0x000000070c800000, 0x000000070c800000, 0x000000070ca00000|  0%| F|  |TAMS 0x000000070c800000| PB 0x000000070c800000| Untracked 
|  90|0x000000070ca00000, 0x000000070ca00000, 0x000000070cc00000|  0%| F|  |TAMS 0x000000070ca00000| PB 0x000000070ca00000| Untracked 
|  91|0x000000070cc00000, 0x000000070cc00000, 0x000000070ce00000|  0%| F|  |TAMS 0x000000070cc00000| PB 0x000000070cc00000| Untracked 
|  92|0x000000070ce00000, 0x000000070ce00000, 0x000000070d000000|  0%| F|  |TAMS 0x000000070ce00000| PB 0x000000070ce00000| Untracked 
|  93|0x000000070d000000, 0x000000070d000000, 0x000000070d200000|  0%| F|  |TAMS 0x000000070d000000| PB 0x000000070d000000| Untracked 
|  94|0x000000070d200000, 0x000000070d200000, 0x000000070d400000|  0%| F|  |TAMS 0x000000070d200000| PB 0x000000070d200000| Untracked 
|  95|0x000000070d400000, 0x000000070d400000, 0x000000070d600000|  0%| F|  |TAMS 0x000000070d400000| PB 0x000000070d400000| Untracked 
|  96|0x000000070d600000, 0x000000070d600000, 0x000000070d800000|  0%| F|  |TAMS 0x000000070d600000| PB 0x000000070d600000| Untracked 
|  97|0x000000070d800000, 0x000000070d800000, 0x000000070da00000|  0%| F|  |TAMS 0x000000070d800000| PB 0x000000070d800000| Untracked 
|  98|0x000000070da00000, 0x000000070da00000, 0x000000070dc00000|  0%| F|  |TAMS 0x000000070da00000| PB 0x000000070da00000| Untracked 
|  99|0x000000070dc00000, 0x000000070dc00000, 0x000000070de00000|  0%| F|  |TAMS 0x000000070dc00000| PB 0x000000070dc00000| Untracked 
| 100|0x000000070de00000, 0x000000070de00000, 0x000000070e000000|  0%| F|  |TAMS 0x000000070de00000| PB 0x000000070de00000| Untracked 
| 101|0x000000070e000000, 0x000000070e000000, 0x000000070e200000|  0%| F|  |TAMS 0x000000070e000000| PB 0x000000070e000000| Untracked 
| 102|0x000000070e200000, 0x000000070e200000, 0x000000070e400000|  0%| F|  |TAMS 0x000000070e200000| PB 0x000000070e200000| Untracked 
| 103|0x000000070e400000, 0x000000070e400000, 0x000000070e600000|  0%| F|  |TAMS 0x000000070e400000| PB 0x000000070e400000| Untracked 
| 104|0x000000070e600000, 0x000000070e600000, 0x000000070e800000|  0%| F|  |TAMS 0x000000070e600000| PB 0x000000070e600000| Untracked 
| 105|0x000000070e800000, 0x000000070e800000, 0x000000070ea00000|  0%| F|  |TAMS 0x000000070e800000| PB 0x000000070e800000| Untracked 
| 106|0x000000070ea00000, 0x000000070ea00000, 0x000000070ec00000|  0%| F|  |TAMS 0x000000070ea00000| PB 0x000000070ea00000| Untracked 
| 107|0x000000070ec00000, 0x000000070ec00000, 0x000000070ee00000|  0%| F|  |TAMS 0x000000070ec00000| PB 0x000000070ec00000| Untracked 
| 108|0x000000070ee00000, 0x000000070ee00000, 0x000000070f000000|  0%| F|  |TAMS 0x000000070ee00000| PB 0x000000070ee00000| Untracked 
| 109|0x000000070f000000, 0x000000070f000000, 0x000000070f200000|  0%| F|  |TAMS 0x000000070f000000| PB 0x000000070f000000| Untracked 
| 110|0x000000070f200000, 0x000000070f200000, 0x000000070f400000|  0%| F|  |TAMS 0x000000070f200000| PB 0x000000070f200000| Untracked 
| 111|0x000000070f400000, 0x000000070f400000, 0x000000070f600000|  0%| F|  |TAMS 0x000000070f400000| PB 0x000000070f400000| Untracked 
| 112|0x000000070f600000, 0x000000070f600000, 0x000000070f800000|  0%| F|  |TAMS 0x000000070f600000| PB 0x000000070f600000| Untracked 
| 113|0x000000070f800000, 0x000000070f800000, 0x000000070fa00000|  0%| F|  |TAMS 0x000000070f800000| PB 0x000000070f800000| Untracked 
| 114|0x000000070fa00000, 0x000000070fa00000, 0x000000070fc00000|  0%| F|  |TAMS 0x000000070fa00000| PB 0x000000070fa00000| Untracked 
| 115|0x000000070fc00000, 0x000000070fe00000, 0x000000070fe00000|100%| S|CS|TAMS 0x000000070fc00000| PB 0x000000070fc00000| Complete 
| 116|0x000000070fe00000, 0x0000000710000000, 0x0000000710000000|100%| S|CS|TAMS 0x000000070fe00000| PB 0x000000070fe00000| Complete 
| 117|0x0000000710000000, 0x0000000710000000, 0x0000000710200000|  0%| F|  |TAMS 0x0000000710000000| PB 0x0000000710000000| Untracked 
| 118|0x0000000710200000, 0x0000000710200000, 0x0000000710400000|  0%| F|  |TAMS 0x0000000710200000| PB 0x0000000710200000| Untracked 
| 119|0x0000000710400000, 0x0000000710400000, 0x0000000710600000|  0%| F|  |TAMS 0x0000000710400000| PB 0x0000000710400000| Untracked 
| 120|0x0000000710600000, 0x0000000710600000, 0x0000000710800000|  0%| F|  |TAMS 0x0000000710600000| PB 0x0000000710600000| Untracked 
| 121|0x0000000710800000, 0x0000000710800000, 0x0000000710a00000|  0%| F|  |TAMS 0x0000000710800000| PB 0x0000000710800000| Untracked 
| 122|0x0000000710a00000, 0x0000000710a00000, 0x0000000710c00000|  0%| F|  |TAMS 0x0000000710a00000| PB 0x0000000710a00000| Untracked 
| 123|0x0000000710c00000, 0x0000000710c00000, 0x0000000710e00000|  0%| F|  |TAMS 0x0000000710c00000| PB 0x0000000710c00000| Untracked 
| 124|0x0000000710e00000, 0x0000000710e00000, 0x0000000711000000|  0%| F|  |TAMS 0x0000000710e00000| PB 0x0000000710e00000| Untracked 
| 125|0x0000000711000000, 0x0000000711000000, 0x0000000711200000|  0%| F|  |TAMS 0x0000000711000000| PB 0x0000000711000000| Untracked 
| 126|0x0000000711200000, 0x0000000711200000, 0x0000000711400000|  0%| F|  |TAMS 0x0000000711200000| PB 0x0000000711200000| Untracked 
| 127|0x0000000711400000, 0x00000007115333c8, 0x0000000711600000| 60%| E|  |TAMS 0x0000000711400000| PB 0x0000000711400000| Complete 

Card table byte_map: [0x00000150abfd0000,0x00000150ac7d0000] _byte_map_base: 0x00000150a87c5000

Marking Bits: (CMBitMap*) 0x00000150a045cc20
 Bits: [0x00000150acfd0000, 0x00000150b0f78000)

Polling page: 0x000001509fbb0000

Metaspace:

Usage:
  Non-class:      5.63 MB used.
      Class:    792.14 KB used.
       Both:      6.40 MB used.

Virtual space:
  Non-class space:       64.00 MB reserved,       5.75 MB (  9%) committed,  1 nodes.
      Class space:        1.00 GB reserved,     896.00 KB ( <1%) committed,  1 nodes.
             Both:        1.06 GB reserved,       6.62 MB ( <1%) committed. 

Chunk freelists:
   Non-Class:  1.80 MB
       Class:  3.08 MB
        Both:  4.88 MB

MaxMetaspaceSize: unlimited
CompressedClassSpaceSize: 1.00 GB
Initial GC threshold: 21.00 MB
Current GC threshold: 21.00 MB
CDS: on
MetaspaceReclaimPolicy: balanced
 - commit_granule_bytes: 65536.
 - commit_granule_words: 8192.
 - virtual_space_node_default_size: 8388608.
 - enlarge_chunks_in_place: 1.
 - new_chunks_are_fully_committed: 0.
 - uncommit_free_chunks: 1.
 - use_allocation_guard: 0.


Internal statistics:

num_allocs_failed_limit: 0.
num_arena_births: 134.
num_arena_deaths: 0.
num_vsnodes_births: 2.
num_vsnodes_deaths: 0.
num_space_committed: 106.
num_space_uncommitted: 0.
num_chunks_returned_to_freelist: 0.
num_chunks_taken_from_freelist: 207.
num_chunk_merges: 0.
num_chunk_splits: 139.
num_chunks_enlarged: 91.
num_inconsistent_stats: 0.

CodeCache: size=49152Kb used=4857Kb max_used=4857Kb free=44294Kb
 bounds [0x00000150a84a0000, 0x00000150a8960000, 0x00000150ab4a0000]
 total_blobs=1751 nmethods=1284 adapters=390
 compilation: enabled
              stopped_count=0, restarted_count=0
 full_count=0

Compilation events (20 events):
Event: 0.458 Thread 0x00000150b80ffc40 1273       1       java.util.stream.AbstractPipeline::getStreamAndOpFlags (5 bytes)
Event: 0.458 Thread 0x00000150b80ffc40 nmethod 1273 0x00000150a8952090 code [0x00000150a8952200, 0x00000150a89522c8]
Event: 0.460 Thread 0x00000150b80ffc40 1274       1       jdk.internal.org.objectweb.asm.MethodWriter::visitCode (1 bytes)
Event: 0.460 Thread 0x00000150b80ffc40 nmethod 1274 0x00000150a8952390 code [0x00000150a8952500, 0x00000150a89525c8]
Event: 0.466 Thread 0x00000150b80ffc40 1275       1       java.net.URLStreamHandler::parseURL (1124 bytes)
Event: 0.470 Thread 0x00000150b8101810 1276       1       java.lang.ref.Reference::enqueueFromPending (19 bytes)
Event: 0.470 Thread 0x00000150b86fb2a0 1278       1       java.lang.ref.ReferenceQueue::enqueue0 (98 bytes)
Event: 0.471 Thread 0x00000150b8101810 nmethod 1276 0x00000150a8952a90 code [0x00000150a8952c20, 0x00000150a8952d28]
Event: 0.471 Thread 0x00000150b86fb2a0 nmethod 1278 0x00000150a8952d90 code [0x00000150a8952f40, 0x00000150a89532a8]
Event: 0.472 Thread 0x00000150b8101810 1279       1       java.lang.ref.ReferenceQueue::poll0 (65 bytes)
Event: 0.472 Thread 0x00000150b86fb2a0 1280   !   1       java.util.concurrent.ConcurrentHashMap::replaceNode (437 bytes)
Event: 0.472 Thread 0x00000150b353dfb0 1281       1       java.util.concurrent.ConcurrentHashMap::remove (8 bytes)
Event: 0.472 Thread 0x00000150b353dfb0 nmethod 1281 0x00000150a8953390 code [0x00000150a8953520, 0x00000150a8953608]
Event: 0.472 Thread 0x00000150b8101810 nmethod 1279 0x00000150a8953690 code [0x00000150a8953840, 0x00000150a8953b68]
Event: 0.473 Thread 0x00000150b86fb2a0 nmethod 1280 0x00000150a8953c10 code [0x00000150a8953ea0, 0x00000150a8954d78]
Event: 0.473 Thread 0x00000150b86fb2a0 1282       1       java.lang.reflect.Constructor::getModifiers (5 bytes)
Event: 0.473 Thread 0x00000150b86fb2a0 nmethod 1282 0x00000150a8955810 code [0x00000150a8955980, 0x00000150a8955a48]
Event: 0.475 Thread 0x00000150b86fb2a0 1283       1       java.io.WinNTFileSystem::resolve (275 bytes)
Event: 0.475 Thread 0x00000150b8101810 1284       1       java.lang.String::<init> (10 bytes)
Event: 0.475 Thread 0x00000150b8101810 nmethod 1284 0x00000150a8955b10 code [0x00000150a8955ca0, 0x00000150a8955d90]

GC Heap History (2 events):
Event: 0.467 GC heap before
{Heap before GC invocations=0 (full 0):
 garbage-first heap   total 262144K, used 22528K [0x0000000701600000, 0x0000000800000000)
  region size 2048K, 11 young (22528K), 0 survivors (0K)
 Metaspace       used 6473K, committed 6720K, reserved 1114112K
  class space    used 780K, committed 896K, reserved 1048576K
}
Event: 0.470 GC heap after
{Heap after GC invocations=1 (full 0):
 garbage-first heap   total 262144K, used 6650K [0x0000000701600000, 0x0000000800000000)
  region size 2048K, 2 young (4096K), 2 survivors (4096K)
 Metaspace       used 6473K, committed 6720K, reserved 1114112K
  class space    used 780K, committed 896K, reserved 1048576K
}

Dll operation events (12 events):
Event: 0.006 Loaded shared library C:\Users\ivanm\.jdks\openjdk-20.0.1\bin\java.dll
Event: 0.014 Loaded shared library C:\Users\ivanm\.jdks\openjdk-20.0.1\bin\jsvml.dll
Event: 0.092 Loaded shared library C:\Users\ivanm\.jdks\openjdk-20.0.1\bin\zip.dll
Event: 0.093 Loaded shared library C:\Users\ivanm\.jdks\openjdk-20.0.1\bin\instrument.dll
Event: 0.096 Loaded shared library C:\Users\ivanm\.jdks\openjdk-20.0.1\bin\net.dll
Event: 0.097 Loaded shared library C:\Users\ivanm\.jdks\openjdk-20.0.1\bin\nio.dll
Event: 0.099 Loaded shared library C:\Users\ivanm\.jdks\openjdk-20.0.1\bin\zip.dll
Event: 0.157 Loaded shared library F:\Programms\IntelliJ IDEA 2023.1.1\bin\breakgen64.dll
Event: 0.161 Loaded shared library C:\Users\ivanm\.jdks\openjdk-20.0.1\bin\jimage.dll
Event: 0.164 Loaded shared library C:\Users\ivanm\.jdks\openjdk-20.0.1\bin\extnet.dll
Event: 0.176 Loaded shared library C:\Users\ivanm\.jdks\openjdk-20.0.1\bin\management.dll
Event: 0.183 Loaded shared library C:\Users\ivanm\.jdks\openjdk-20.0.1\bin\management_ext.dll

Deoptimization events (4 events):
Event: 0.263 Thread 0x00000150a03ecfe0 DEOPT PACKING pc=0x00000150a87ff8dd sp=0x0000000aa0efd4c0
Event: 0.263 Thread 0x00000150a03ecfe0 DEOPT UNPACKING pc=0x00000150a850a4c2 sp=0x0000000aa0efc970 mode 3
Event: 0.272 Thread 0x00000150a03ecfe0 DEOPT PACKING pc=0x00000150a88a3c60 sp=0x0000000aa0efd490
Event: 0.272 Thread 0x00000150a03ecfe0 DEOPT UNPACKING pc=0x00000150a850a4c2 sp=0x0000000aa0efc948 mode 3

Classes loaded (20 events):
Event: 0.454 Loading class java/net/URLEncoder
Event: 0.454 Loading class java/net/URLEncoder done
Event: 0.459 Loading class java/util/stream/DistinctOps
Event: 0.459 Loading class java/util/stream/DistinctOps done
Event: 0.459 Loading class java/util/stream/DistinctOps$1
Event: 0.459 Loading class java/util/stream/ReferencePipeline$StatefulOp
Event: 0.460 Loading class java/util/stream/ReferencePipeline$StatefulOp done
Event: 0.460 Loading class java/util/stream/DistinctOps$1 done
Event: 0.460 Loading class java/util/ImmutableCollections$Access
Event: 0.460 Loading class java/util/ImmutableCollections$Access done
Event: 0.460 Loading class java/util/ImmutableCollections$Access$1
Event: 0.460 Loading class jdk/internal/access/JavaUtilCollectionAccess
Event: 0.460 Loading class jdk/internal/access/JavaUtilCollectionAccess done
Event: 0.460 Loading class java/util/ImmutableCollections$Access$1 done
Event: 0.460 Loading class java/util/stream/DistinctOps$1$2
Event: 0.460 Loading class java/util/stream/DistinctOps$1$2 done
Event: 0.466 Loading class java/lang/IllegalAccessException
Event: 0.466 Loading class java/lang/IllegalAccessException done
Event: 0.466 Loading class java/lang/reflect/UndeclaredThrowableException
Event: 0.466 Loading class java/lang/reflect/UndeclaredThrowableException done

Classes unloaded (0 events):
No events

Classes redefined (0 events):
No events

Internal exceptions (18 events):
Event: 0.150 Thread 0x00000150a03ecfe0 Exception <a 'java/lang/NoSuchMethodError'{0x0000000710dd0ab0}: 'void java.lang.invoke.DirectMethodHandle$Holder.invokeStatic(java.lang.Object, java.lang.Object, java.lang.Object)'> (0x0000000710dd0ab0) 
thrown [s\open\src\hotspot\share\interpreter\linkResolver.cpp, line 773]
Event: 0.154 Thread 0x00000150a03ecfe0 Exception <a 'java/lang/NoSuchMethodError'{0x0000000710de7fb8}: 'java.lang.Object java.lang.invoke.Invokers$Holder.invokeExact_MT(java.lang.Object, java.lang.Object, java.lang.Object, java.lang.Object, java.lang.Object)'> (0x0000000710de7fb8) 
thrown [s\open\src\hotspot\share\interpreter\linkResolver.cpp, line 773]
Event: 0.164 Thread 0x00000150b83fe6a0 Exception <a 'java/lang/NoSuchMethodError'{0x0000000710a06858}: 'void java.lang.invoke.DirectMethodHandle$Holder.invokeStatic(java.lang.Object, java.lang.Object)'> (0x0000000710a06858) 
thrown [s\open\src\hotspot\share\interpreter\linkResolver.cpp, line 773]
Event: 0.187 Thread 0x00000150a03ecfe0 Exception <a 'java/lang/NoSuchMethodError'{0x0000000710a9edb8}: 'int java.lang.invoke.DirectMethodHandle$Holder.invokeInterface(java.lang.Object, java.lang.Object)'> (0x0000000710a9edb8) 
thrown [s\open\src\hotspot\share\interpreter\linkResolver.cpp, line 773]
Event: 0.187 Thread 0x00000150a03ecfe0 Exception <a 'java/lang/IncompatibleClassChangeError'{0x0000000710aa20d0}: Found class java.lang.Object, but interface was expected> (0x0000000710aa20d0) 
thrown [s\open\src\hotspot\share\interpreter\linkResolver.cpp, line 840]
Event: 0.223 Thread 0x00000150a03ecfe0 Exception <a 'java/lang/NoSuchMethodError'{0x0000000710b6d010}: 'int java.lang.invoke.DirectMethodHandle$Holder.invokeSpecial(java.lang.Object, java.lang.Object, java.lang.Object)'> (0x0000000710b6d010) 
thrown [s\open\src\hotspot\share\interpreter\linkResolver.cpp, line 773]
Event: 0.247 Thread 0x00000150a03ecfe0 Exception <a 'java/lang/NoSuchMethodError'{0x000000071080f6b8}: 'java.lang.Object java.lang.invoke.DirectMethodHandle$Holder.invokeStaticInit(java.lang.Object, java.lang.Object, java.lang.Object)'> (0x000000071080f6b8) 
thrown [s\open\src\hotspot\share\interpreter\linkResolver.cpp, line 773]
Event: 0.292 Thread 0x00000150a03ecfe0 Exception <a 'java/lang/NoSuchMethodError'{0x00000007107709c8}: 'int java.lang.invoke.DirectMethodHandle$Holder.invokeSpecialIFC(java.lang.Object, java.lang.Object, java.lang.Object)'> (0x00000007107709c8) 
thrown [s\open\src\hotspot\share\interpreter\linkResolver.cpp, line 773]
Event: 0.311 Thread 0x00000150a03ecfe0 Exception <a 'java/lang/NoSuchMethodError'{0x00000007107e6528}: 'java.lang.Object java.lang.invoke.DirectMethodHandle$Holder.invokeStaticInit(java.lang.Object, int, int, int, int)'> (0x00000007107e6528) 
thrown [s\open\src\hotspot\share\interpreter\linkResolver.cpp, line 773]
Event: 0.335 Thread 0x00000150a03ecfe0 Exception <a 'java/lang/NoSuchMethodError'{0x000000071041b898}: 'java.lang.Object java.lang.invoke.DirectMethodHandle$Holder.invokeStaticInit(java.lang.Object, java.lang.Object, int, int, int, int)'> (0x000000071041b898) 
thrown [s\open\src\hotspot\share\interpreter\linkResolver.cpp, line 773]
Event: 0.344 Thread 0x00000150a03ecfe0 Exception <a 'java/lang/ClassNotFoundException'{0x000000071043b368}: javax/management/remote/rmi/RMIServerImpl_Skel> (0x000000071043b368) 
thrown [s\open\src\hotspot\share\classfile\systemDictionary.cpp, line 305]
Event: 0.354 Thread 0x00000150a03ecfe0 Exception <a 'java/lang/NoSuchMethodError'{0x0000000710454fb8}: 'long java.lang.invoke.DirectMethodHandle$Holder.invokeSpecial(java.lang.Object, java.lang.Object)'> (0x0000000710454fb8) 
thrown [s\open\src\hotspot\share\interpreter\linkResolver.cpp, line 773]
Event: 0.354 Thread 0x00000150a03ecfe0 Exception <a 'java/lang/NoSuchMethodError'{0x0000000710458680}: 'long java.lang.invoke.Invokers$Holder.invokeExact_MT(java.lang.Object, java.lang.Object)'> (0x0000000710458680) 
thrown [s\open\src\hotspot\share\interpreter\linkResolver.cpp, line 773]
Event: 0.358 Thread 0x00000150a03ecfe0 Exception <a 'java/lang/NoSuchMethodError'{0x0000000710471018}: 'void java.lang.invoke.DirectMethodHandle$Holder.invokeSpecial(java.lang.Object, java.lang.Object, java.lang.Object)'> (0x0000000710471018) 
thrown [s\open\src\hotspot\share\interpreter\linkResolver.cpp, line 773]
Event: 0.402 Thread 0x00000150a03ecfe0 Exception <a 'java/lang/ClassNotFoundException'{0x00000007102b1390}: javax/smartcardio/CardPermission> (0x00000007102b1390) 
thrown [s\open\src\hotspot\share\classfile\systemDictionary.cpp, line 305]
Event: 0.407 Thread 0x00000150a03ecfe0 Exception <a 'java/io/FileNotFoundException'{0x00000007102bf8f8}> (0x00000007102bf8f8) 
thrown [s\open\src\hotspot\share\prims\jni.cpp, line 519]
Event: 0.442 Thread 0x00000150a03ecfe0 Exception <a 'java/lang/NoSuchMethodError'{0x00000007100ef500}: 'void java.lang.invoke.DirectMethodHandle$Holder.invokeStatic(java.lang.Object, java.lang.Object, java.lang.Object, java.lang.Object)'> (0x00000007100ef500) 
thrown [s\open\src\hotspot\share\interpreter\linkResolver.cpp, line 773]
Event: 0.466 Thread 0x00000150a03ecfe0 Exception <a 'java/lang/NoSuchMethodError'{0x00000007101f3000}: 'int java.lang.invoke.DirectMethodHandle$Holder.invokeStaticInit(java.lang.Object, java.lang.Object)'> (0x00000007101f3000) 
thrown [s\open\src\hotspot\share\interpreter\linkResolver.cpp, line 773]

VM Operations (20 events):
Event: 0.085 Executing VM operation: HandshakeAllThreads
Event: 0.085 Executing VM operation: HandshakeAllThreads done
Event: 0.159 Executing VM operation: HandshakeAllThreads
Event: 0.159 Executing VM operation: HandshakeAllThreads done
Event: 0.192 Executing VM operation: HandshakeAllThreads
Event: 0.192 Executing VM operation: HandshakeAllThreads done
Event: 0.193 Executing VM operation: HandshakeAllThreads
Event: 0.193 Executing VM operation: HandshakeAllThreads done
Event: 0.304 Executing VM operation: HandshakeAllThreads
Event: 0.304 Executing VM operation: HandshakeAllThreads done
Event: 0.344 Executing VM operation: HandshakeAllThreads
Event: 0.344 Executing VM operation: HandshakeAllThreads done
Event: 0.360 Executing VM operation: HandshakeAllThreads
Event: 0.360 Executing VM operation: HandshakeAllThreads done
Event: 0.378 Executing VM operation: HandshakeAllThreads
Event: 0.378 Executing VM operation: HandshakeAllThreads done
Event: 0.381 Executing VM operation: HandshakeAllThreads
Event: 0.381 Executing VM operation: HandshakeAllThreads done
Event: 0.467 Executing VM operation: G1CollectForAllocation
Event: 0.470 Executing VM operation: G1CollectForAllocation done

Events (15 events):
Event: 0.014 Thread 0x00000150a03ecfe0 Thread added: 0x00000150a03ecfe0
Event: 0.027 Thread 0x00000150b3531450 Thread added: 0x00000150b3531450
Event: 0.027 Thread 0x00000150b3532250 Thread added: 0x00000150b3532250
Event: 0.027 Thread 0x00000150b3536190 Thread added: 0x00000150b3536190
Event: 0.027 Thread 0x00000150b3538ae0 Thread added: 0x00000150b3538ae0
Event: 0.027 Thread 0x00000150b3539420 Thread added: 0x00000150b3539420
Event: 0.027 Thread 0x00000150b353d670 Thread added: 0x00000150b353d670
Event: 0.027 Thread 0x00000150b353dfb0 Thread added: 0x00000150b353dfb0
Event: 0.080 Thread 0x00000150b80f69f0 Thread added: 0x00000150b80f69f0
Event: 0.085 Thread 0x00000150b80ffc40 Thread added: 0x00000150b80ffc40
Event: 0.086 Thread 0x00000150b8101810 Thread added: 0x00000150b8101810
Event: 0.157 Thread 0x00000150b83fe6a0 Thread added: 0x00000150b83fe6a0
Event: 0.158 Thread 0x00000150b861ec10 Thread added: 0x00000150b861ec10
Event: 0.265 Thread 0x00000150b86fb2a0 Thread added: 0x00000150b86fb2a0
Event: 0.351 Thread 0x00000150b8833f60 Thread added: 0x00000150b8833f60


Dynamic libraries:
0x00007ff7d7d90000 - 0x00007ff7d7d9e000 	C:\Users\ivanm\.jdks\openjdk-20.0.1\bin\java.exe
0x00007ffa3cf70000 - 0x00007ffa3d168000 	C:\Windows\SYSTEM32\ntdll.dll
0x00007ffa3cbf0000 - 0x00007ffa3ccaf000 	C:\Windows\System32\KERNEL32.DLL
0x00007ffa3aac0000 - 0x00007ffa3ad9a000 	C:\Windows\System32\KERNELBASE.dll
0x00007ffa3a770000 - 0x00007ffa3a870000 	C:\Windows\System32\ucrtbase.dll
0x00007ffa2cfe0000 - 0x00007ffa2cffb000 	C:\Users\ivanm\.jdks\openjdk-20.0.1\bin\VCRUNTIME140.dll
0x00007ffa2c490000 - 0x00007ffa2c4a7000 	C:\Users\ivanm\.jdks\openjdk-20.0.1\bin\jli.dll
0x00007ffa3ccb0000 - 0x00007ffa3ce4d000 	C:\Windows\System32\USER32.dll
0x00007ffa32a20000 - 0x00007ffa32cba000 	C:\Windows\WinSxS\amd64_microsoft.windows.common-controls_6595b64144ccf1df_6.0.19041.1110_none_60b5254171f9507e\COMCTL32.dll
0x00007ffa3aa00000 - 0x00007ffa3aa22000 	C:\Windows\System32\win32u.dll
0x00007ffa3b0b0000 - 0x00007ffa3b14e000 	C:\Windows\System32\msvcrt.dll
0x00007ffa3c260000 - 0x00007ffa3c28b000 	C:\Windows\System32\GDI32.dll
0x00007ffa3ada0000 - 0x00007ffa3aeb0000 	C:\Windows\System32\gdi32full.dll
0x00007ffa3a680000 - 0x00007ffa3a71d000 	C:\Windows\System32\msvcp_win.dll
0x00007ffa3c020000 - 0x00007ffa3c050000 	C:\Windows\System32\IMM32.DLL
0x00007ffa2d060000 - 0x00007ffa2d06c000 	C:\Users\ivanm\.jdks\openjdk-20.0.1\bin\vcruntime140_1.dll
0x00007ffa103c0000 - 0x00007ffa1044e000 	C:\Users\ivanm\.jdks\openjdk-20.0.1\bin\msvcp140.dll
0x00007ffa085d0000 - 0x00007ffa09267000 	C:\Users\ivanm\.jdks\openjdk-20.0.1\bin\server\jvm.dll
0x00007ffa3b2a0000 - 0x00007ffa3b34e000 	C:\Windows\System32\ADVAPI32.dll
0x00007ffa3b740000 - 0x00007ffa3b7dc000 	C:\Windows\System32\sechost.dll
0x00007ffa3b170000 - 0x00007ffa3b296000 	C:\Windows\System32\RPCRT4.dll
0x00007ffa27b50000 - 0x00007ffa27b77000 	C:\Windows\SYSTEM32\WINMM.dll
0x00007ffa2d9f0000 - 0x00007ffa2d9f9000 	C:\Windows\SYSTEM32\WSOCK32.dll
0x00007ffa31e50000 - 0x00007ffa31e5a000 	C:\Windows\SYSTEM32\VERSION.dll
0x00007ffa3bfb0000 - 0x00007ffa3c01b000 	C:\Windows\System32\WS2_32.dll
0x00007ffa38480000 - 0x00007ffa38492000 	C:\Windows\SYSTEM32\kernel.appcore.dll
0x00007ffa2cb90000 - 0x00007ffa2cb9a000 	C:\Users\ivanm\.jdks\openjdk-20.0.1\bin\jimage.dll
0x00007ffa34580000 - 0x00007ffa34764000 	C:\Windows\SYSTEM32\DBGHELP.DLL
0x00007ffa33550000 - 0x00007ffa33584000 	C:\Windows\SYSTEM32\dbgcore.DLL
0x00007ffa3aa30000 - 0x00007ffa3aab2000 	C:\Windows\System32\bcryptPrimitives.dll
0x00007ffa2c520000 - 0x00007ffa2c52e000 	C:\Users\ivanm\.jdks\openjdk-20.0.1\bin\instrument.dll
0x00007ffa28f50000 - 0x00007ffa28f76000 	C:\Users\ivanm\.jdks\openjdk-20.0.1\bin\java.dll
0x00007ffa0f2e0000 - 0x00007ffa0f3b7000 	C:\Users\ivanm\.jdks\openjdk-20.0.1\bin\jsvml.dll
0x00007ffa3c290000 - 0x00007ffa3c9d4000 	C:\Windows\System32\SHELL32.dll
0x00007ffa38760000 - 0x00007ffa38ef3000 	C:\Windows\SYSTEM32\windows.storage.dll
0x00007ffa3b350000 - 0x00007ffa3b6a4000 	C:\Windows\System32\combase.dll
0x00007ffa3a000000 - 0x00007ffa3a02e000 	C:\Windows\SYSTEM32\Wldp.dll
0x00007ffa3b7e0000 - 0x00007ffa3b88d000 	C:\Windows\System32\SHCORE.dll
0x00007ffa3bf50000 - 0x00007ffa3bfa5000 	C:\Windows\System32\shlwapi.dll
0x00007ffa3a5c0000 - 0x00007ffa3a5df000 	C:\Windows\SYSTEM32\profapi.dll
0x00007ffa2a7a0000 - 0x00007ffa2a7b8000 	C:\Users\ivanm\.jdks\openjdk-20.0.1\bin\zip.dll
0x00007ffa2c470000 - 0x00007ffa2c483000 	C:\Users\ivanm\.jdks\openjdk-20.0.1\bin\net.dll
0x00007ffa33c30000 - 0x00007ffa33d3a000 	C:\Windows\SYSTEM32\WINHTTP.dll
0x00007ffa39d60000 - 0x00007ffa39dca000 	C:\Windows\system32\mswsock.dll
0x00007ffa2a9d0000 - 0x00007ffa2a9e6000 	C:\Users\ivanm\.jdks\openjdk-20.0.1\bin\nio.dll
0x00007ffa27da0000 - 0x00007ffa27dba000 	F:\Programms\IntelliJ IDEA 2023.1.1\bin\breakgen64.dll
0x00007ffa2c510000 - 0x00007ffa2c517000 	C:\Users\ivanm\.jdks\openjdk-20.0.1\bin\extnet.dll
0x00007ffa39a90000 - 0x00007ffa39b5b000 	C:\Windows\SYSTEM32\DNSAPI.dll
0x00007ffa39a50000 - 0x00007ffa39a8c000 	C:\Windows\SYSTEM32\IPHLPAPI.DLL
0x00007ffa3cf20000 - 0x00007ffa3cf28000 	C:\Windows\System32\NSI.dll
0x00007ffa31460000 - 0x00007ffa3146a000 	C:\Windows\System32\rasadhlp.dll
0x00007ffa31780000 - 0x00007ffa31800000 	C:\Windows\System32\fwpuclnt.dll
0x00007ffa3a9d0000 - 0x00007ffa3a9f7000 	C:\Windows\System32\bcrypt.dll
0x00007ffa33820000 - 0x00007ffa3382a000 	C:\Users\ivanm\.jdks\openjdk-20.0.1\bin\management.dll
0x00007ffa33810000 - 0x00007ffa3381b000 	C:\Users\ivanm\.jdks\openjdk-20.0.1\bin\management_ext.dll
0x00007ffa3c0d0000 - 0x00007ffa3c0d8000 	C:\Windows\System32\PSAPI.DLL
0x00007ffa39f50000 - 0x00007ffa39f68000 	C:\Windows\SYSTEM32\CRYPTSP.dll
0x00007ffa39680000 - 0x00007ffa396b4000 	C:\Windows\system32\rsaenh.dll
0x00007ffa3a580000 - 0x00007ffa3a5ae000 	C:\Windows\SYSTEM32\USERENV.dll
0x00007ffa39f70000 - 0x00007ffa39f7c000 	C:\Windows\SYSTEM32\CRYPTBASE.dll
0x00007ffa33f60000 - 0x00007ffa33f77000 	C:\Windows\SYSTEM32\dhcpcsvc6.DLL
0x00007ffa344e0000 - 0x00007ffa344fd000 	C:\Windows\SYSTEM32\dhcpcsvc.DLL
0x00007ffa331d0000 - 0x00007ffa331e7000 	C:\Windows\system32\napinsp.dll
0x00007ffa2d210000 - 0x00007ffa2d22b000 	C:\Windows\system32\pnrpnsp.dll
0x00007ffa36330000 - 0x00007ffa36345000 	C:\Windows\system32\wshbth.dll
0x00007ffa34880000 - 0x00007ffa3489d000 	C:\Windows\system32\NLAapi.dll
0x00007ffa2ca90000 - 0x00007ffa2caa2000 	C:\Windows\System32\winrnr.dll

dbghelp: loaded successfully - version: 4.0.5 - missing functions: none
symbol engine: initialized successfully - sym options: 0x614 - pdb path: .;C:\Users\ivanm\.jdks\openjdk-20.0.1\bin;C:\Windows\SYSTEM32;C:\Windows\WinSxS\amd64_microsoft.windows.common-controls_6595b64144ccf1df_6.0.19041.1110_none_60b5254171f9507e;C:\Users\ivanm\.jdks\openjdk-20.0.1\bin\server;F:\Programms\IntelliJ IDEA 2023.1.1\bin

VM Arguments:
jvm_args: -XX:TieredStopAtLevel=1 -Dspring.output.ansi.enabled=always -Dcom.sun.management.jmxremote -Dspring.jmx.enabled=true -Dspring.liveBeansView.mbeanDomain -Dspring.application.admin.enabled=true -Dmanagement.endpoints.jmx.exposure.include=* -javaagent:F:\Programms\IntelliJ IDEA 2023.1.1\lib\idea_rt.jar=63378:F:\Programms\IntelliJ IDEA 2023.1.1\bin -Dfile.encoding=UTF-8 -Dsun.stdout.encoding=UTF-8 -Dsun.stderr.encoding=UTF-8 
java_command: com.example.SecondService.SecondServiceApplication
java_class_path (initial): F:\Programms\WebApp\SecondService\target\classes;C:\Users\ivanm\.m2\repository\org\springframework\boot\spring-boot-starter-web\3.0.6\spring-boot-starter-web-3.0.6.jar;C:\Users\ivanm\.m2\repository\org\springframework\boot\spring-boot-starter\3.0.6\spring-boot-starter-3.0.6.jar;C:\Users\ivanm\.m2\repository\org\springframework\boot\spring-boot\3.0.6\spring-boot-3.0.6.jar;C:\Users\ivanm\.m2\repository\org\springframework\boot\spring-boot-autoconfigure\3.0.6\spring-boot-autoconfigure-3.0.6.jar;C:\Users\ivanm\.m2\repository\org\springframework\boot\spring-boot-starter-logging\3.0.6\spring-boot-starter-logging-3.0.6.jar;C:\Users\ivanm\.m2\repository\ch\qos\logback\logback-classic\1.4.7\logback-classic-1.4.7.jar;C:\Users\ivanm\.m2\repository\ch\qos\logback\logback-core\1.4.7\logback-core-1.4.7.jar;C:\Users\ivanm\.m2\repository\org\apache\logging\log4j\log4j-to-slf4j\2.19.0\log4j-to-slf4j-2.19.0.jar;C:\Users\ivanm\.m2\repository\org\apache\logging\log4j\log4j-api\2.19.0\log4j-api-2.19.0.jar;C:\Users\ivanm\.m2\repository\org\slf4j\jul-to-slf4j\2.0.7\jul-to-slf4j-2.0.7.jar;C:\Users\ivanm\.m2\repository\jakarta\annotation\jakarta.annotation-api\2.1.1\jakarta.annotation-api-2.1.1.jar;C:\Users\ivanm\.m2\repository\org\yaml\snakeyaml\1.33\snakeyaml-1.33.jar;C:\Users\ivanm\.m2\repository\org\springframework\boot\spring-boot-starter-json\3.0.6\spring-boot-starter-json-3.0.6.jar;C:\Users\ivanm\.m2\repository\com\fasterxml\jackson\core\jackson-databind\2.14.2\jackson-databind-2.14.2.jar;C:\Users\ivanm\.m2\repository\com\fasterxml\jackson\datatype\jackson-datatype-jdk8\2.14.2\jackson-datatype-jdk8-2.14.2.jar;C:\Users\ivanm\.m2\repository\com\fasterxml\jackson\datatype\jackson-datatype-jsr310\2.14.2\jackson-datatype-jsr310-2.14.2.jar;C:\Users\ivanm\.m2\repository\com\fasterxml\jackson\module\jackson-module-parameter-names\2.14.2\jackson-module-parameter-names-2.14.2.jar;C:\Users\ivanm\.m2\repository\org\springframework\boot\spring-boot-starter-tomcat\3.0.6\spring-boot-starter-tomcat-3.0.6.jar;C:\Users\ivanm\.m2\repository\org\apache\tomcat\embed\tomcat-embed-core\10.1.8\tomcat-embed-core-10.1.8.jar;C:\Users\ivanm\.m2\repository\org\apache\tomcat\embed\tomcat-embed-el\10.1.8\tomcat-embed-el-10.1.8.jar;C:\Users\ivanm\.m2\repository\org\apache\tomcat\embed\tomcat-embed-websocket\10.1.8\tomcat-embed-websocket-10.1.8.jar;C:\Users\ivanm\.m2\repository\org\springframework\spring-web\6.0.8\spring-web-6.0.8.jar;C:\Users\ivanm\.m2\repository\org\springframework\spring-beans\6.0.8\spring-beans-6.0.8.jar;C:\Users\ivanm\.m2\repository\io\micrometer\micrometer-observation\1.10.6\micrometer-observation-1.10.6.jar;C:\Users\ivanm\.m2\repository\io\micrometer\micrometer-commons\1.10.6\micrometer-commons-1.10.6.jar;C:\Users\ivanm\.m2\repository\org\springframework\spring-webmvc\6.0.8\spring-webmvc-6.0.8.jar;C:\Users\ivanm\.m2\repository\org\springframework\spring-aop\6.0.8\spring-aop-6.0.8.jar;C:\Users\ivanm\.m2\repository\org\springframework\spring-context\6.0.8\spring-context-6.0.8.jar;C:\Users\ivanm\.m2\repository\org\springframework\spring-expression\6.0.8\spring-expression-6.0.8.jar;C:\Users\ivanm\.m2\repository\org\springframework\boot\spring-boot-starter-web-services\3.0.6\spring-boot-starter-web-services-3.0.6.jar;C:\Users\ivanm\.m2\repository\com\sun\xml\messaging\saaj\saaj-impl\3.0.1\saaj-impl-3.0.1.jar;C:\Users\ivanm\.m2\repository\jakarta\xml\soap\jakarta.xml.soap-api\3.0.0\jakarta.xml.soap-api-3.0.0.jar;C:\Users\ivanm\.m2\repository\org\jvnet\staxex\stax-ex\2.1.0\stax-ex-2.1.0.jar;C:\Users\ivanm\.m2\repository\jakarta\activation\jakarta.activation-api\2.1.1\jakarta.activation-api-2.1.1.jar;C:\Users\ivanm\.m2\repository\org\eclipse\angus\angus-activation\2.0.0\angus-activation-2.0.0.jar;C:\Users\ivanm\.m2\repository\jakarta\xml\ws\jakarta.xml.ws-api\4.0.0\jakarta.xml.ws-api-4.0.0.jar;C:\Users\ivanm\.m2\repository\org\springframework\spring-oxm\6.0.8\spring-oxm-6.0.8.jar;C:\Users\ivanm\.m2\repository\org\springframework\ws\spring-ws-core\4.0.3\spring-ws-core-4.0.3.jar;C:\Users\ivanm\.m2\repository\org\springframework\ws\spring-xml\4.0.3\spring-xml-4.0.3.jar;C:\Users\ivanm\.m2\repository\org\glassfish\jaxb\jaxb-runtime\4.0.2\jaxb-runtime-4.0.2.jar;C:\Users\ivanm\.m2\repository\org\glassfish\jaxb\jaxb-core\4.0.2\jaxb-core-4.0.2.jar;C:\Users\ivanm\.m2\repository\org\glassfish\jaxb\txw2\4.0.2\txw2-4.0.2.jar;C:\Users\ivanm\.m2\repository\com\sun\istack\istack-commons-runtime\4.1.1\istack-commons-runtime-4.1.1.jar;C:\Users\ivanm\.m2\repository\org\springframework\cloud\spring-cloud-starter-netflix-eureka-client\4.0.1\spring-cloud-starter-netflix-eureka-client-4.0.1.jar;C:\Users\ivanm\.m2\repository\org\springframework\cloud\spring-cloud-starter\4.0.2\spring-cloud-starter-4.0.2.jar;C:\Users\ivanm\.m2\repository\org\springframework\cloud\spring-cloud-context\4.0.2\spring-cloud-context-4.0.2.jar;C:\Users\ivanm\.m2\repository\org\springframework\security\spring-security-crypto\6.0.3\spring-security-crypto-6.0.3.jar;C:\Users\ivanm\.m2\repository\org\springframework\cloud\spring-cloud-commons\4.0.2\spring-cloud-commons-4.0.2.jar;C:\Users\ivanm\.m2\repository\org\springframework\security\spring-security-rsa\1.0.11.RELEASE\spring-security-rsa-1.0.11.RELEASE.jar;C:\Users\ivanm\.m2\repository\org\bouncycastle\bcpkix-jdk15on\1.69\bcpkix-jdk15on-1.69.jar;C:\Users\ivanm\.m2\repository\org\bouncycastle\bcprov-jdk15on\1.69\bcprov-jdk15on-1.69.jar;C:\Users\ivanm\.m2\repository\org\bouncycastle\bcutil-jdk15on\1.69\bcutil-jdk15on-1.69.jar;C:\Users\ivanm\.m2\repository\org\springframework\cloud\spring-cloud-netflix-eureka-client\4.0.1\spring-cloud-netflix-eureka-client-4.0.1.jar;C:\Users\ivanm\.m2\repository\org\apache\httpcomponents\client5\httpclient5\5.1.4\httpclient5-5.1.4.jar;C:\Users\ivanm\.m2\repository\org\apache\httpcomponents\core5\httpcore5\5.1.5\httpcore5-5.1.5.jar;C:\Users\ivanm\.m2\repository\org\apache\httpcomponents\core5\httpcore5-h2\5.1.5\httpcore5-h2-5.1.5.jar;C:\Users\ivanm\.m2\repository\commons-codec\commons-codec\1.15\commons-codec-1.15.jar;C:\Users\ivanm\.m2\repository\com\netflix\eureka\eureka-client\2.0.0\eureka-client-2.0.0.jar;C:\Users\ivanm\.m2\repository\com\netflix\netflix-commons\netflix-eventbus\0.3.0\netflix-eventbus-0.3.0.jar;C:\Users\ivanm\.m2\repository\com\netflix\netflix-commons\netflix-infix\0.3.0\netflix-infix-0.3.0.jar;C:\Users\ivanm\.m2\repository\commons-jxpath\commons-jxpath\1.3\commons-jxpath-1.3.jar;C:\Users\ivanm\.m2\repository\joda-time\joda-time\2.3\joda-time-2.3.jar;C:\Users\ivanm\.m2\repository\org\antlr\antlr-runtime\3.4\antlr-runtime-3.4.jar;C:\Users\ivanm\.m2\repository\org\antlr\stringtemplate\3.2.1\stringtemplate-3.2.1.jar;C:\Users\ivanm\.m2\repository\antlr\antlr\2.7.7\antlr-2.7.7.jar;C:\Users\ivanm\.m2\repository\com\google\code\gson\gson\2.9.1\gson-2.9.1.jar;C:\Users\ivanm\.m2\repository\org\apache\commons\commons-math\2.2\commons-math-2.2.jar;C:\Users\ivanm\.m2\repository\com\thoughtworks\xstream\xstream\1.4.19\xstream-1.4.19.jar;C:\Users\ivanm\.m2\repository\io\github\x-stream\mxparser\1.2.2\mxparser-1.2.2.jar;C:\Users\ivanm\.m2\repository\xmlpull\xmlpull\1.1.3.1\xmlpull-1.1.3.1.jar;C:\Users\ivanm\.m2\repository\jakarta\ws\rs\jakarta.ws.rs-api\3.1.0\jakarta.ws.rs-api-3.1.0.jar;C:\Users\ivanm\.m2\repository\jakarta\inject\jakarta.inject-api\2.0.1\jakarta.inject-api-2.0.1.jar;C:\Users\ivanm\.m2\repository\com\netflix\servo\servo-core\0.12.21\servo-core-0.12.21.jar;C:\Users\ivanm\.m2\repository\com\google\guava\guava\19.0\guava-19.0.jar;C:\Users\ivanm\.m2\repository\org\apache\httpcomponents\httpclient\4.5.14\httpclient-4.5.14.jar;C:\Users\ivanm\.m2\repository\org\apache\httpcomponents\httpcore\4.4.16\httpcore-4.4.16.jar;C:\Users\ivanm\.m2\repository\commons-configuration\commons-configuration\1.10\commons-configuration-1.10.jar;C:\Users\ivanm\.m2\repository\commons-lang\commons-lang\2.6\commons-lang-2.6.jar;C:\Users\ivanm\.m2\repository\com\fasterxml\jackson\core\jackson-annotations\2.14.2\jackson-annotations-2.14.2.jar;C:\Users\ivanm\.m2\repository\com\fasterxml\jackson\core\jackson-core\2.14.2\jackson-core-2.14.2.jar;C:\Users\ivanm\.m2\repository\org\codehaus\jettison\jettison\1.4.0\jettison-1.4.0.jar;C:\Users\ivanm\.m2\repository\com\netflix\eureka\eureka-core\2.0.0\eureka-core-2.0.0.jar;C:\Users\ivanm\.m2\repository\jakarta\servlet\jakarta.servlet-api\6.0.0\jakarta.servlet-api-6.0.0.jar;C:\Users\ivanm\.m2\repository\com\fasterxml\woodstox\woodstox-core\6.2.1\woodstox-core-6.2.1.jar;C:\Users\ivanm\.m2\repository\org\codehaus\woodstox\stax2-api\4.2.1\stax2-api-4.2.1.jar;C:\Users\ivanm\.m2\repository\org\springframework\cloud\spring-cloud-starter-loadbalancer\4.0.2\spring-cloud-starter-loadbalancer-4.0.2.jar;C:\Users\ivanm\.m2\repository\org\springframework\cloud\spring-cloud-loadbalancer\4.0.2\spring-cloud-loadbalancer-4.0.2.jar;C:\Users\ivanm\.m2\repository\io\projectreactor\reactor-core\3.5.5\reactor-core-3.5.5.jar;C:\Users\ivanm\.m2\repository\org\reactivestreams\reactive-streams\1.0.4\reactive-streams-1.0.4.jar;C:\Users\ivanm\.m2\repository\io\projectreactor\addons\reactor-extra\3.5.1\reactor-extra-3.5.1.jar;C:\Users\ivanm\.m2\repository\org\springframework\boot\spring-boot-starter-cache\3.0.6\spring-boot-starter-cache-3.0.6.jar;C:\Users\ivanm\.m2\repository\org\springframework\spring-context-support\6.0.8\spring-context-support-6.0.8.jar;C:\Users\ivanm\.m2\repository\com\stoyanr\evictor\1.0.0\evictor-1.0.0.jar;C:\Users\ivanm\.m2\repository\org\slf4j\slf4j-api\2.0.7\slf4j-api-2.0.7.jar;C:\Users\ivanm\.m2\repository\jakarta\xml\bind\jakarta.xml.bind-api\4.0.0\jakarta.xml.bind-api-4.0.0.jar;C:\Users\ivanm\.m2\repository\org\springframework\spring-core\6.0.8\spring-core-6.0.8.jar;C:\Users\ivanm\.m2\repository\org\springframework\spring-jcl\6.0.8\spring-jcl-6.0.8.jar
Launcher Type: SUN_STANDARD

[Global flags]
     intx CICompilerCount                          = 4                                         {product} {ergonomic}
     uint ConcGCThreads                            = 3                                         {product} {ergonomic}
     uint G1ConcRefinementThreads                  = 10                                        {product} {ergonomic}
   size_t G1HeapRegionSize                         = 2097152                                   {product} {ergonomic}
    uintx GCDrainStackTargetSize                   = 64                                        {product} {ergonomic}
   size_t InitialHeapSize                          = 268435456                                 {product} {ergonomic}
     bool ManagementServer                         = true                                      {product} {command line}
   size_t MarkStackSize                            = 4194304                                   {product} {ergonomic}
   size_t MaxHeapSize                              = 4271898624                                {product} {ergonomic}
   size_t MaxNewSize                               = 2562719744                                {product} {ergonomic}
   size_t MinHeapDeltaBytes                        = 2097152                                   {product} {ergonomic}
   size_t MinHeapSize                              = 8388608                                   {product} {ergonomic}
    uintx NonProfiledCodeHeapSize                  = 0                                      {pd product} {ergonomic}
     bool ProfileInterpreter                       = false                                  {pd product} {command line}
    uintx ProfiledCodeHeapSize                     = 0                                      {pd product} {ergonomic}
   size_t SoftMaxHeapSize                          = 4271898624                             {manageable} {ergonomic}
     intx TieredStopAtLevel                        = 1                                         {product} {command line}
     bool UseCompressedClassPointers               = true                           {product lp64_product} {ergonomic}
     bool UseCompressedOops                        = true                           {product lp64_product} {ergonomic}
     bool UseG1GC                                  = true                                      {product} {ergonomic}
     bool UseLargePagesIndividualAllocation        = false                                  {pd product} {ergonomic}

Logging:
Log output configuration:
 #0: stdout all=warning uptime,level,tags foldmultilines=false
 #1: stderr all=off uptime,level,tags foldmultilines=false

Environment Variables:
PATH=C:\Windows\system32;C:\Windows;C:\Windows\System32\Wbem;C:\Windows\System32\WindowsPowerShell\v1.0\;C:\Windows\System32\OpenSSH\;C:\Users\ivanm\AppData\Local\Microsoft\WindowsApps;;F:\Programms\IntelliJ IDEA 2023.1.1\bin;
USERNAME=ivanm
OS=Windows_NT
PROCESSOR_IDENTIFIER=Intel64 Family 6 Model 165 Stepping 3, GenuineIntel
TMP=C:\Users\ivanm\AppData\Local\Temp
TEMP=C:\Users\ivanm\AppData\Local\Temp




---------------  S Y S T E M  ---------------

OS:
 Windows 10 , 64 bit Build 19041 (10.0.19041.2788)
OS uptime: 3 days 15:50 hours

CPU: total 12 (initial active 12) (6 cores per cpu, 2 threads per core) family 6 model 165 stepping 3 microcode 0xcc, cx8, cmov, fxsr, ht, mmx, 3dnowpref, sse, sse2, sse3, ssse3, sse4.1, sse4.2, popcnt, lzcnt, tsc, tscinvbit, avx, avx2, aes, erms, clmul, bmi1, bmi2, adx, fma, vzeroupper, clflush, clflushopt, rdtscp, f16c

Memory: 4k page, system-wide physical 16293M (1852M free)
TotalPageFile size 30535M (AvailPageFile size 0M)
current process WorkingSet (physical memory assigned to process): 76M, peak: 76M
current process commit charge ("private bytes"): 358M, peak: 358M

vm_info: OpenJDK 64-Bit Server VM (20.0.1+9-29) for windows-amd64 JRE (20.0.1+9-29), built on 2023-03-07T13:56:11Z by "mach5one" with MS VC++ 17.1 (VS2022)

END.
